<?xml version="1.0" encoding="UTF-8"?>
<!-- Generated by org.testng.reporters.JUnitReportReporter -->
<testsuite hostname="user-PC" name="Com_Add_Automation_Test.Assignment1" tests="1" failures="0" timestamp="26 Nov 2020 05:48:59 GMT" time="7.501" errors="0">
  <testcase name="facebookLogin" time="7.501" classname="Com_Add_Automation_Test.Assignment1"/>
</testsuite>
