<?xml version="1.0" encoding="UTF-8"?>
<!-- Generated by org.testng.reporters.JUnitReportReporter -->
<testsuite hostname="user-PC" name="Com_Add_Automation_Test.FacebookDisableNotification" tests="1" failures="0" timestamp="1 Dec 2020 06:36:04 GMT" time="12.859" errors="0">
  <testcase name="facebookLogin" time="12.859" classname="Com_Add_Automation_Test.FacebookDisableNotification"/>
</testsuite>
