<?xml version="1.0" encoding="UTF-8"?>
<!-- Generated by org.testng.reporters.JUnitReportReporter -->
<testsuite hostname="user-PC" name="com_actiTIME_test.P2" tests="1" failures="0" timestamp="1 Dec 2020 15:01:37 GMT" time="22.409" errors="0">
  <testcase name="tc_02" time="22.409" classname="com_actiTIME_test.P2"/>
</testsuite>
