<?xml version="1.0" encoding="UTF-8"?>
<!-- Generated by org.testng.reporters.JUnitReportReporter -->
<testsuite hostname="user-PC" name="Com_Add_Automation_Test.SVGdemo_tag_Assignment" tests="1" failures="0" timestamp="30 Nov 2020 12:58:08 GMT" time="10.431" errors="0">
  <testcase name="testA" time="10.431" classname="Com_Add_Automation_Test.SVGdemo_tag_Assignment"/>
</testsuite>
