<?xml version="1.0" encoding="UTF-8"?>
<!-- Generated by org.testng.reporters.JUnitReportReporter -->
<testsuite hostname="user-PC" name="Com_Add_Automation_Test.FileUploadPopUpScreenShot3" tests="1" failures="0" timestamp="30 Nov 2020 12:43:24 GMT" time="22.492" errors="0">
  <testcase name="testA" time="22.492" classname="Com_Add_Automation_Test.FileUploadPopUpScreenShot3"/>
</testsuite>
