<?xml version="1.0" encoding="UTF-8"?>
<!-- Generated by org.testng.reporters.JUnitReportReporter -->
<testsuite hostname="user-PC" name="Com_Add_Automation_Test.CropImage" tests="1" failures="0" timestamp="30 Nov 2020 11:37:40 GMT" time="11.847" errors="0">
  <testcase name="testA" time="11.847" classname="Com_Add_Automation_Test.CropImage"/>
</testsuite>
