<?xml version="1.0" encoding="UTF-8"?>
<!-- Generated by org.testng.reporters.JUnitReportReporter -->
<testsuite hostname="user-PC" name="Com_Add_Automation_Test.Ajax" tests="1" failures="0" timestamp="1 Dec 2020 14:22:32 GMT" time="10.733" errors="0">
  <testcase name="testA" time="10.733" classname="Com_Add_Automation_Test.Ajax"/>
</testsuite>
