<?xml version="1.0" encoding="UTF-8"?>
<!-- Generated by org.testng.reporters.JUnitReportReporter -->
<testsuite hostname="user-PC" name="Com_Add_Automation_Test.BrokenLinks6" tests="1" failures="0" timestamp="30 Nov 2020 11:27:25 GMT" time="6.299" errors="0">
  <testcase name="testA" time="6.299" classname="Com_Add_Automation_Test.BrokenLinks6"/>
</testsuite>
