<?xml version="1.0" encoding="UTF-8"?>
<!-- Generated by org.testng.reporters.JUnitReportReporter -->
<testsuite hostname="user-PC" name="Com_Add_Automation_Test.A2" tests="1" failures="0" timestamp="30 Nov 2020 11:18:44 GMT" time="7.652" errors="0">
  <testcase name="testA" time="7.652" classname="Com_Add_Automation_Test.A2"/>
</testsuite>
