<?xml version="1.0" encoding="UTF-8"?>
<!-- Generated by org.testng.reporters.JUnitReportReporter -->
<testsuite hostname="user-PC" name="Com_Add_Automation_Test.P1" tests="1" failures="0" timestamp="18 Nov 2020 07:25:27 GMT" time="24.788" errors="0">
  <testcase name="testA" time="24.788" classname="Com_Add_Automation_Test.P1"/>
</testsuite>
