<?xml version="1.0" encoding="UTF-8"?>
<!-- Generated by org.testng.reporters.JUnitReportReporter -->
<testsuite hostname="user-PC" name="Com_Add_Automation_Test.DemoA" tests="2" failures="0" timestamp="30 Nov 2020 05:24:11 GMT" time="0.014" errors="0">
  <testcase name="testB" time="0.001" classname="Com_Add_Automation_Test.DemoA"/>
  <testcase name="testA" time="0.013" classname="Com_Add_Automation_Test.DemoA"/>
</testsuite>
