<?xml version="1.0" encoding="UTF-8"?>
<!-- Generated by org.testng.reporters.JUnitReportReporter -->
<testsuite hostname="user-PC" name="Com_Add_Automation_Test.BrokenImages" tests="1" failures="0" timestamp="27 Nov 2020 15:09:37 GMT" time="13.076" errors="0">
  <testcase name="testA" time="13.076" classname="Com_Add_Automation_Test.BrokenImages"/>
</testsuite>
