<?xml version="1.0" encoding="UTF-8"?>
<!-- Generated by org.testng.reporters.JUnitReportReporter -->
<testsuite hostname="user-PC" name="Com_Add_Automation_Test.A1" tests="1" failures="0" timestamp="30 Nov 2020 08:55:20 GMT" time="0.613" errors="0">
  <testcase name="testA" time="0.613" classname="Com_Add_Automation_Test.A1"/>
</testsuite>
