<?xml version="1.0" encoding="UTF-8"?>
<!-- Generated by org.testng.reporters.JUnitReportReporter -->
<testsuite hostname="user-PC" name="Com_Add_Automation_Test.P5" tests="1" failures="0" timestamp="30 Nov 2020 11:43:34 GMT" time="13.200" errors="0">
  <testcase name="testA" time="13.200" classname="Com_Add_Automation_Test.P5"/>
</testsuite>
