<?xml version="1.0" encoding="UTF-8"?>
<!-- Generated by org.testng.reporters.JUnitReportReporter -->
<testsuite hostname="user-PC" name="Com_Add_Automation_Test.P3" tests="1" failures="0" timestamp="23 Nov 2020 13:00:33 GMT" time="13.239" errors="0">
  <testcase name="testA" time="13.239" classname="Com_Add_Automation_Test.P3"/>
</testsuite>
