<?xml version="1.0" encoding="UTF-8"?>
<!-- Generated by org.testng.reporters.JUnitReportReporter -->
<testsuite hostname="user-PC" name="Com_Add_Automation_Test.CropImage1" tests="1" failures="0" timestamp="30 Nov 2020 12:39:50 GMT" time="12.289" errors="0">
  <testcase name="testA" time="12.289" classname="Com_Add_Automation_Test.CropImage1"/>
</testsuite>
