<?xml version="1.0" encoding="UTF-8"?>
<!-- Generated by org.testng.reporters.JUnitReportReporter -->
<testsuite hostname="user-PC" name="Com_Add_Automation_Test.P4" tests="1" failures="0" timestamp="30 Nov 2020 11:41:50 GMT" time="13.232" errors="0">
  <testcase name="testA" time="13.232" classname="Com_Add_Automation_Test.P4"/>
</testsuite>
