<?xml version="1.0" encoding="UTF-8"?>
<!-- Generated by org.testng.reporters.JUnitReportReporter -->
<testsuite hostname="user-PC" name="Com_Add_Automation_Test.BrokenLinks3" tests="1" failures="0" timestamp="30 Nov 2020 11:20:59 GMT" time="6.401" errors="0">
  <testcase name="testA" time="6.401" classname="Com_Add_Automation_Test.BrokenLinks3"/>
</testsuite>
