<?xml version="1.0" encoding="UTF-8"?>
<!-- Generated by org.testng.reporters.JUnitReportReporter -->
<testsuite hostname="user-PC" name="Com_Add_Automation_Test.CropImage2" tests="1" failures="0" timestamp="30 Nov 2020 12:13:59 GMT" time="10.700" errors="0">
  <testcase name="testA" time="10.700" classname="Com_Add_Automation_Test.CropImage2"/>
</testsuite>
